Using pre-set license
Built from '2022.1/staging' branch; Version is '2022.1.20f1 (01d83b40d570) revision 120891'; Using compiler version '192829333'; Build Type 'Release'
OS: 'Windows 10  (10.0.19042) 64bit Education' Language: 'en' Physical Memory: 16256 MB
BatchMode: 1, IsHumanControllingUs: 0, StartBugReporterOnCrash: 0, Is64bit: 1, IsPro: 1

COMMAND LINE ARGUMENTS:
C:\Program Files\Unity\Hub\Editor\2022.1.20f1\Editor\Unity.exe
-adb2
-batchMode
-noUpm
-name
AssetImportWorker5
-projectPath
C:/Users/skooter500/Documents/projects/Forms
-logFile
Logs/AssetImportWorker5.log
-srvPort
54965
Successfully changed project path to: C:/Users/skooter500/Documents/projects/Forms
C:/Users/skooter500/Documents/projects/Forms
[UnityMemory] Configuration Parameters - Can be set up in boot.config
    "memorysetup-bucket-allocator-granularity=16"
    "memorysetup-bucket-allocator-bucket-count=8"
    "memorysetup-bucket-allocator-block-size=33554432"
    "memorysetup-bucket-allocator-block-count=8"
    "memorysetup-main-allocator-block-size=16777216"
    "memorysetup-thread-allocator-block-size=16777216"
    "memorysetup-gfx-main-allocator-block-size=16777216"
    "memorysetup-gfx-thread-allocator-block-size=16777216"
    "memorysetup-cache-allocator-block-size=4194304"
    "memorysetup-typetree-allocator-block-size=2097152"
    "memorysetup-profiler-bucket-allocator-granularity=16"
    "memorysetup-profiler-bucket-allocator-bucket-count=8"
    "memorysetup-profiler-bucket-allocator-block-size=33554432"
    "memorysetup-profiler-bucket-allocator-block-count=8"
    "memorysetup-profiler-allocator-block-size=16777216"
    "memorysetup-profiler-editor-allocator-block-size=1048576"
    "memorysetup-temp-allocator-size-main=16777216"
    "memorysetup-job-temp-allocator-block-size=2097152"
    "memorysetup-job-temp-allocator-block-size-background=1048576"
    "memorysetup-job-temp-allocator-reduction-small-platforms=262144"
    "memorysetup-temp-allocator-size-background-worker=32768"
    "memorysetup-temp-allocator-size-job-worker=262144"
    "memorysetup-temp-allocator-size-preload-manager=33554432"
    "memorysetup-temp-allocator-size-nav-mesh-worker=65536"
    "memorysetup-temp-allocator-size-audio-worker=65536"
    "memorysetup-temp-allocator-size-cloud-worker=32768"
    "memorysetup-temp-allocator-size-gi-baking-worker=262144"
    "memorysetup-temp-allocator-size-gfx=262144"
Refreshing native plugins compatible for Editor in 385.05 ms, found 5 plugins.
Preloading 1 native plugins for Editor in 1.93 ms.
Initialize engine version: 2022.1.20f1 (01d83b40d570)
[Subsystems] Discovering subsystems at path C:/Program Files/Unity/Hub/Editor/2022.1.20f1/Editor/Data/Resources/UnitySubsystems
[Subsystems] Discovering subsystems at path C:/Users/skooter500/Documents/projects/Forms/Assets
GfxDevice: creating device client; threaded=0; jobified=0
Direct3D:
    Version:  Direct3D 11.0 [level 11.1]
    Renderer: NVIDIA GeForce GTX 1060 (ID=0x1c20)
    Vendor:   NVIDIA
    VRAM:     6052 MB
    Driver:   27.21.14.5687
Shader 'Hidden/Camera Transitions/Swap': fallback shader 'Transition Fallback' not found
Shader 'Hidden/Camera Transitions/Flash': fallback shader 'Transition Fallback' not found
Shader 'Hidden/Camera Transitions/Doom': fallback shader 'Transition Fallback' not found
Shader 'Hidden/Camera Transitions/Simple': fallback shader 'Transition Fallback' not found
Shader 'Hidden/Camera Transitions/Cross Zoom': fallback shader 'Transition Fallback' not found
Shader 'Hidden/Camera Transitions/Page Curl NoShadows': fallback shader 'Transition Fallback' not found
Shader 'Hidden/Camera Transitions/Linear Blur': fallback shader 'Transition Fallback' not found
Shader 'Hidden/Camera Transitions/Gate': fallback shader 'Transition Fallback' not found
Shader 'Hidden/Camera Transitions/Pixelate': fallback shader 'Transition Fallback' not found
Shader 'Hidden/Camera Transitions/Smooth Line': fallback shader 'Transition Fallback' not found
Shader 'Hidden/Camera Transitions/Fade To Grayscale': fallback shader 'Transition Fallback' not found
Shader 'Hidden/Camera Transitions/Smooth Circle': fallback shader 'Transition Fallback' not found
Shader 'Hidden/Camera Transitions/Page Curl Advanced': fallback shader 'Transition Fallback' not found
Shader 'Hidden/Camera Transitions/Fold': fallback shader 'Transition Fallback' not found
Shader 'Hidden/Camera Transitions/Cube': fallback shader 'Transition Fallback' not found
Shader 'Hidden/Camera Transitions/Flip': fallback shader 'Transition Fallback' not found
Shader 'Hidden/Camera Transitions/Glitch': fallback shader 'Transition Fallback' not found
Shader 'Hidden/Camera Transitions/Warp Wave': fallback shader 'Transition Fallback' not found
Shader 'Hidden/Camera Transitions/Radial': fallback shader 'Transition Fallback' not found
Shader 'Hidden/Camera Transitions/Fade To Color': fallback shader 'Transition Fallback' not found
Shader 'Hidden/Camera Transitions/Page Curl': fallback shader 'Transition Fallback' not found
Shader 'Hidden/Camera Transitions/Mosaic': fallback shader 'Transition Fallback' not found
Shader 'Hidden/Camera Transitions/Gradient': fallback shader 'Transition Fallback' not found
Shader 'Hidden/Camera Transitions/Random Grid': fallback shader 'Transition Fallback' not found
Shader 'Hidden/Camera Transitions/Valentine': fallback shader 'Transition Fallback' not found
Initialize mono
Mono path[0] = 'C:/Program Files/Unity/Hub/Editor/2022.1.20f1/Editor/Data/Managed'
Mono path[1] = 'C:/Program Files/Unity/Hub/Editor/2022.1.20f1/Editor/Data/MonoBleedingEdge/lib/mono/unityjit-win32'
Mono config path = 'C:/Program Files/Unity/Hub/Editor/2022.1.20f1/Editor/Data/MonoBleedingEdge/etc'
Using monoOptions --debugger-agent=transport=dt_socket,embedding=1,server=y,suspend=n,address=127.0.0.1:56096
Begin MonoManager ReloadAssembly
Registering precompiled unity dll's ...
Register platform support module: C:/Program Files/Unity/Hub/Editor/2022.1.20f1/Editor/Data/PlaybackEngines/AndroidPlayer/UnityEditor.Android.Extensions.dll
Register platform support module: C:/Program Files/Unity/Hub/Editor/2022.1.20f1/Editor/Data/PlaybackEngines/WindowsStandaloneSupport/UnityEditor.WindowsStandalone.Extensions.dll
Registered in 0.021587 seconds.
Native extension for WindowsStandalone target not found
Native extension for Android target not found
Refreshing native plugins compatible for Editor in 242.75 ms, found 5 plugins.
Preloading 1 native plugins for Editor in 0.35 ms.
Mono: successfully reloaded assembly
- Completed reload, in  1.809 seconds
Domain Reload Profiling:
	ReloadAssembly (1810ms)
		BeginReloadAssembly (186ms)
			ExecutionOrderSort (0ms)
			DisableScriptedObjects (0ms)
			BackupInstance (0ms)
			ReleaseScriptingObjects (0ms)
			CreateAndSetChildDomain (2ms)
		EndReloadAssembly (1322ms)
			LoadAssemblies (180ms)
			RebuildTransferFunctionScriptingTraits (0ms)
			SetupTypeCache (289ms)
				TypeCache.Initialize (288ms)
					TypeCache.ScanAssembly (285ms)
				ResolveRequiredComponents (1ms)
			ReleaseScriptCaches (0ms)
			RebuildScriptCaches (75ms)
			SetupLoadedEditorAssemblies (821ms)
				LogAssemblyErrors (0ms)
				InitializePlatformSupportModulesInManaged (143ms)
				SetLoadedEditorAssemblies (29ms)
				RefreshPlugins (243ms)
				BeforeProcessingInitializeOnLoad (4ms)
				ProcessInitializeOnLoadAttributes (293ms)
				ProcessInitializeOnLoadMethodAttributes (109ms)
				AfterProcessingInitializeOnLoad (0ms)
				EditorAssembliesLoaded (0ms)
			ExecutionOrderSort2 (0ms)
			AwakeInstancesAfterBackupRestoration (0ms)
Platform modules already initialized, skipping
Registering precompiled user dll's ...
Registered in 0.024734 seconds.
Android Extension - Scanning For ADB Devices 945 ms
