
=== Mon Dec 17 13:09:31 2018

Packages were changed.
Update Mode: resetToDefaultDependencies

The following packages were added:
  com.unity.collab-proxy@1.2.15
The following packages were updated:
  com.unity.analytics from version 2.0.16 to 3.2.2
  com.unity.ads from version 2.0.8 to 2.3.1
  com.unity.textmeshpro from version 1.2.4 to 1.3.0
  com.unity.package-manager-ui from version 1.9.11 to 2.0.3
The following packages were removed:
  com.unity.xr.oculus.standalone@1.24.0

=== Tue Jul 16 19:17:55 2019

Packages were changed.
Update Mode: updateDependencies

The following packages were added:
  com.unity.timeline@1.0.0
  com.unity.multiplayer-hlapi@1.0.2
  com.unity.xr.legacyinputhelpers@2.0.2
The following packages were updated:
  com.unity.analytics from version 3.2.2 to 3.3.2
  com.unity.collab-proxy from version 1.2.15 to 1.2.16
  com.unity.package-manager-ui from version 2.0.3 to 2.1.2
  com.unity.postprocessing from version 2.1.2 to 2.1.4
  com.unity.purchasing from version 2.0.3 to 2.0.6
  com.unity.textmeshpro from version 1.3.0 to 2.0.1

=== Wed Nov  9 01:52:28 2022

Packages were changed.
Update Mode: updateDependencies

The following packages were added:
  com.unity.2d.sprite@1.0.0
  com.unity.2d.tilemap@1.0.0
  com.unity.ide.rider@3.0.15
  com.unity.ide.visualstudio@2.0.16
  com.unity.ide.vscode@1.2.5
  com.unity.modules.androidjni@1.0.0
  com.unity.test-framework@1.1.33
  com.unity.timeline@1.7.1
  com.unity.ugui@1.0.0
  com.unity.xr.legacyinputhelpers@2.1.10
The following packages were updated:
  com.unity.ads from version 2.3.1 to 4.3.0
  com.unity.analytics from version 3.2.2 to 3.7.1
  com.unity.burst from version 0.2.4-preview.41 to 1.7.4
  com.unity.collab-proxy from version 1.2.15 to 1.17.2
  com.unity.postprocessing from version 2.1.7 to 3.2.2
  com.unity.purchasing from version 2.0.3 to 4.4.1
  com.unity.test-framework.performance from version 0.1.49-preview to 1.3.3-preview
  com.unity.textmeshpro from version 1.3.0 to 3.0.6
The following packages were removed:
  com.unity.package-manager-ui@2.0.3
  com.unity.xr.oculus.android@1.38.4
  com.unity.xr.oculus.standalone@1.38.2
  com.unity.xr.openvr.standalone@1.0.5
